#
# There is insufficient memory for the Java Runtime Environment to continue.
# Native memory allocation (malloc) failed to allocate 151376 bytes for Chunk::new
# Possible reasons:
#   The system is out of physical RAM or swap space
#   The process is running with CompressedOops enabled, and the Java Heap may be blocking the growth of the native heap
# Possible solutions:
#   Reduce memory load on the system
#   Increase physical memory or swap space
#   Check if swap backing store is full
#   Decrease Java heap size (-Xmx/-Xms)
#   Decrease number of Java threads
#   Decrease Java thread stack sizes (-Xss)
#   Set larger code cache with -XX:ReservedCodeCacheSize=
#   JVM is running with Unscaled Compressed Oops mode in which the Java heap is
#     placed in the first 4GB address space. The Java Heap base address is the
#     maximum limit for the native heap growth. Please use -XX:HeapBaseMinAddress
#     to set the Java Heap base and to place the Java Heap above 4GB virtual address.
# This output file may be truncated or incomplete.
#
#  Out of Memory Error (arena.cpp:191), pid=16184, tid=12432
#
# JRE version: OpenJDK Runtime Environment Temurin-17.0.9+9 (17.0.9+9) (build 17.0.9+9)
# Java VM: OpenJDK 64-Bit Server VM Temurin-17.0.9+9 (17.0.9+9, mixed mode, tiered, compressed oops, compressed class ptrs, parallel gc, windows-amd64)
# No core dump will be written. Minidumps are not enabled by default on client versions of Windows
#

---------------  S U M M A R Y ------------

Command Line: --add-modules=ALL-SYSTEM --add-opens=java.base/java.util=ALL-UNNAMED --add-opens=java.base/java.lang=ALL-UNNAMED --add-opens=java.base/sun.nio.fs=ALL-UNNAMED -Declipse.application=org.eclipse.jdt.ls.core.id1 -Dosgi.bundles.defaultStartLevel=4 -Declipse.product=org.eclipse.jdt.ls.core.product -Djava.import.generatesMetadataFilesAtProjectRoot=false -DDetectVMInstallationsJob.disabled=true -Dfile.encoding=utf8 -XX:+UseParallelGC -XX:GCTimeRatio=4 -XX:AdaptiveSizePolicyWeight=90 -Dsun.zip.disableMemoryMapping=true -Xmx1G -Xms100m -Xlog:disable -javaagent:c:\Users\user\.vscode\extensions\redhat.java-1.25.1-win32-x64\lombok\lombok-1.18.30.jar c:\Users\user\.vscode\extensions\redhat.java-1.25.1-win32-x64\server\plugins\org.eclipse.equinox.launcher_1.6.600.v20231106-1826.jar -configuration c:\Users\user\AppData\Roaming\Code\User\globalStorage\redhat.java\1.25.1\config_ss_win -data c:\Users\user\AppData\Roaming\Code\User\workspaceStorage\321862f37f29eecd5a02429f10387bbb\redhat.java\ss_ws --stdio

Host: Intel(R) Core(TM) i3-5005U CPU @ 2.00GHz, 4 cores, 7G,  Windows 10 , 64 bit Build 19041 (10.0.19041.3636)
Time: Thu Dec 21 09:50:15 2023 RTZ 7 (s 10 , 64 bit Build 19041 (10.0.19041.3636) elapsed time: 4.553848 seconds (0d 0h 0m 4s)

---------------  T H R E A D  ---------------

Current thread (0x000001e041c53960):  JavaThread "C2 CompilerThread0" daemon [_thread_in_native, id=12432, stack(0x000000b333300000,0x000000b333400000)]


Current CompileTask:
C2:   4554 1399       4       sun.security.provider.SHA5::implCompress0 (346 bytes)

Stack: [0x000000b333300000,0x000000b333400000]
Native frames: (J=compiled Java code, j=interpreted, Vv=VM code, C=native code)
V  [jvm.dll+0x67cf49]
V  [jvm.dll+0x83478a]
V  [jvm.dll+0x83624e]
V  [jvm.dll+0x8368b3]
V  [jvm.dll+0x247f1f]
V  [jvm.dll+0xac43c]
V  [jvm.dll+0xaca8c]
V  [jvm.dll+0x367067]
V  [jvm.dll+0x3313ba]
V  [jvm.dll+0x33085a]
V  [jvm.dll+0x21a5b1]
V  [jvm.dll+0x2199d1]
V  [jvm.dll+0x1a57cd]
V  [jvm.dll+0x2297ae]
V  [jvm.dll+0x22797c]
V  [jvm.dll+0x7e9877]
V  [jvm.dll+0x7e3c3a]
V  [jvm.dll+0x67be35]
C  [ucrtbase.dll+0x21bb2]
C  [KERNEL32.DLL+0x17344]
C  [ntdll.dll+0x526b1]


---------------  P R O C E S S  ---------------

Threads class SMR info:
_java_thread_list=0x000001e047758a20, length=14, elements={
0x000001e02ddd7750, 0x000001e041c1a740, 0x000001e041c1e190, 0x000001e041c4d850,
0x000001e041c4e4e0, 0x000001e041c51480, 0x000001e041c52d60, 0x000001e041c53960,
0x000001e046e313f0, 0x000001e046e340c0, 0x000001e02de97240, 0x000001e0470af4a0,
0x000001e04770b600, 0x000001e0474516b0
}

Java Threads: ( => current thread )
  0x000001e02ddd7750 JavaThread "main" [_thread_in_Java, id=15976, stack(0x000000b332a00000,0x000000b332b00000)]
  0x000001e041c1a740 JavaThread "Reference Handler" daemon [_thread_blocked, id=17140, stack(0x000000b332d00000,0x000000b332e00000)]
  0x000001e041c1e190 JavaThread "Finalizer" daemon [_thread_blocked, id=3032, stack(0x000000b332e00000,0x000000b332f00000)]
  0x000001e041c4d850 JavaThread "Signal Dispatcher" daemon [_thread_blocked, id=6160, stack(0x000000b332f00000,0x000000b333000000)]
  0x000001e041c4e4e0 JavaThread "Attach Listener" daemon [_thread_blocked, id=4668, stack(0x000000b333000000,0x000000b333100000)]
  0x000001e041c51480 JavaThread "Service Thread" daemon [_thread_blocked, id=15504, stack(0x000000b333100000,0x000000b333200000)]
  0x000001e041c52d60 JavaThread "Monitor Deflation Thread" daemon [_thread_blocked, id=14136, stack(0x000000b333200000,0x000000b333300000)]
=>0x000001e041c53960 JavaThread "C2 CompilerThread0" daemon [_thread_in_native, id=12432, stack(0x000000b333300000,0x000000b333400000)]
  0x000001e046e313f0 JavaThread "C1 CompilerThread0" daemon [_thread_blocked, id=4548, stack(0x000000b333400000,0x000000b333500000)]
  0x000001e046e340c0 JavaThread "Sweeper thread" daemon [_thread_blocked, id=11316, stack(0x000000b333500000,0x000000b333600000)]
  0x000001e02de97240 JavaThread "Common-Cleaner" daemon [_thread_blocked, id=16196, stack(0x000000b333600000,0x000000b333700000)]
  0x000001e0470af4a0 JavaThread "Notification Thread" daemon [_thread_blocked, id=7556, stack(0x000000b333700000,0x000000b333800000)]
  0x000001e04770b600 JavaThread "C2 CompilerThread1" daemon [_thread_blocked, id=2600, stack(0x000000b333c00000,0x000000b333d00000)]
  0x000001e0474516b0 JavaThread "Active Thread: Equinox Container: 76099dcc-52e1-4701-ad72-3dae926344f0" [_thread_blocked, id=17120, stack(0x000000b333d00000,0x000000b333e00000)]

Other Threads:
  0x000001e041b51080 VMThread "VM Thread" [stack: 0x000000b332c00000,0x000000b332d00000] [id=14112]
  0x000001e0471e7670 WatcherThread [stack: 0x000000b333800000,0x000000b333900000] [id=7072]
  0x000001e02ddec7f0 GCTaskThread "GC Thread#0" [stack: 0x000000b332b00000,0x000000b332c00000] [id=16480]
  0x000001e047432320 GCTaskThread "GC Thread#1" [stack: 0x000000b333900000,0x000000b333a00000] [id=10036]
  0x000001e0475f7dd0 GCTaskThread "GC Thread#2" [stack: 0x000000b333a00000,0x000000b333b00000] [id=9652]
  0x000001e0475f8090 GCTaskThread "GC Thread#3" [stack: 0x000000b333b00000,0x000000b333c00000] [id=9724]

Threads with active compile tasks:
C2 CompilerThread0     4613 1399       4       sun.security.provider.SHA5::implCompress0 (346 bytes)

VM state: not at safepoint (normal execution)

VM Mutex/Monitor currently owned by a thread: None

Heap address: 0x00000000c0000000, size: 1024 MB, Compressed Oops mode: 32-bit

CDS archive(s) not mapped
Compressed class space mapped at: 0x0000000100000000-0x0000000140000000, reserved size: 1073741824
Narrow klass base: 0x0000000000000000, Narrow klass shift: 3, Narrow klass range: 0x140000000

GC Precious Log:
 CPUs: 4 total, 4 available
 Memory: 8090M
 Large Page Support: Disabled
 NUMA Support: Disabled
 Compressed Oops: Enabled (32-bit)
 Alignments: Space 512K, Generation 512K, Heap 2M
 Heap Min Capacity: 100M
 Heap Initial Capacity: 100M
 Heap Max Capacity: 1G
 Pre-touch: Disabled
 Parallel Workers: 4

Heap:
 PSYoungGen      total 29696K, used 21389K [0x00000000eab00000, 0x00000000ecc00000, 0x0000000100000000)
  eden space 25600K, 71% used [0x00000000eab00000,0x00000000ebccc3d0,0x00000000ec400000)
  from space 4096K, 77% used [0x00000000ec400000,0x00000000ec717090,0x00000000ec800000)
  to   space 4096K, 0% used [0x00000000ec800000,0x00000000ec800000,0x00000000ecc00000)
 ParOldGen       total 68608K, used 0K [0x00000000c0000000, 0x00000000c4300000, 0x00000000eab00000)
  object space 68608K, 0% used [0x00000000c0000000,0x00000000c0000000,0x00000000c4300000)
 Metaspace       used 13725K, committed 13952K, reserved 1114112K
  class space    used 1361K, committed 1472K, reserved 1048576K

Card table byte_map: [0x000001e02d780000,0x000001e02d990000] _byte_map_base: 0x000001e02d180000

Marking Bits: (ParMarkBitMap*) 0x00007ff962f4d0b0
 Begin Bits: [0x000001e03fa80000, 0x000001e040a80000)
 End Bits:   [0x000001e040a80000, 0x000001e041a80000)

Polling page: 0x000001e02bc00000

Metaspace:

Usage:
  Non-class:     12.08 MB used.
      Class:      1.33 MB used.
       Both:     13.40 MB used.

Virtual space:
  Non-class space:       64.00 MB reserved,      12.19 MB ( 19%) committed,  1 nodes.
      Class space:        1.00 GB reserved,       1.44 MB ( <1%) committed,  1 nodes.
             Both:        1.06 GB reserved,      13.62 MB (  1%) committed. 

Chunk freelists:
   Non-Class:  3.34 MB
       Class:  14.48 MB
        Both:  17.83 MB

MaxMetaspaceSize: unlimited
CompressedClassSpaceSize: 1.00 GB
Initial GC threshold: 21.00 MB
Current GC threshold: 21.00 MB
CDS: off
MetaspaceReclaimPolicy: balanced
 - commit_granule_bytes: 65536.
 - commit_granule_words: 8192.
 - virtual_space_node_default_size: 8388608.
 - enlarge_chunks_in_place: 1.
 - new_chunks_are_fully_committed: 0.
 - uncommit_free_chunks: 1.
 - use_allocation_guard: 0.
 - handle_deallocations: 1.


Internal statistics:

num_allocs_failed_limit: 0.
num_arena_births: 54.
num_arena_deaths: 0.
num_vsnodes_births: 2.
num_vsnodes_deaths: 0.
num_space_committed: 218.
num_space_uncommitted: 0.
num_chunks_returned_to_freelist: 0.
num_chunks_taken_from_freelist: 218.
num_chunk_merges: 0.
num_chunk_splits: 148.
num_chunks_enlarged: 119.
num_inconsistent_stats: 0.

CodeHeap 'non-profiled nmethods': size=120000Kb used=588Kb max_used=588Kb free=119411Kb
 bounds [0x000001e038550000, 0x000001e0387c0000, 0x000001e03fa80000]
CodeHeap 'profiled nmethods': size=120000Kb used=2603Kb max_used=2603Kb free=117396Kb
 bounds [0x000001e030a80000, 0x000001e030d10000, 0x000001e037fb0000]
CodeHeap 'non-nmethods': size=5760Kb used=1159Kb max_used=1174Kb free=4600Kb
 bounds [0x000001e037fb0000, 0x000001e038220000, 0x000001e038550000]
 total_blobs=1882 nmethods=1432 adapters=364
 compilation: enabled
              stopped_count=0, restarted_count=0
 full_count=0

Compilation events (20 events):
Event: 4.512 Thread 0x000001e046e313f0 1403       3       java.math.BigInteger::bitLength (140 bytes)
Event: 4.512 Thread 0x000001e046e313f0 nmethod 1403 0x000001e030cf4a90 code [0x000001e030cf4c80, 0x000001e030cf51d8]
Event: 4.514 Thread 0x000001e046e313f0 1404       3       java.lang.String::indexOf (113 bytes)
Event: 4.515 Thread 0x000001e046e313f0 nmethod 1404 0x000001e030cf5410 code [0x000001e030cf5640, 0x000001e030cf5c68]
Event: 4.532 Thread 0x000001e046e313f0 1405   !   3       sun.security.provider.DigestBase::engineDigest (39 bytes)
Event: 4.533 Thread 0x000001e046e313f0 nmethod 1405 0x000001e030cf5e10 code [0x000001e030cf5fe0, 0x000001e030cf63e8]
Event: 4.533 Thread 0x000001e046e313f0 1406       3       java.lang.String::encode8859_1 (158 bytes)
Event: 4.535 Thread 0x000001e046e313f0 nmethod 1406 0x000001e030cf6590 code [0x000001e030cf67a0, 0x000001e030cf6f38]
Event: 4.538 Thread 0x000001e046e313f0 1407       3       sun.security.provider.ByteArrayAccess::i2bBig (33 bytes)
Event: 4.539 Thread 0x000001e046e313f0 nmethod 1407 0x000001e030cf7190 code [0x000001e030cf73c0, 0x000001e030cf7c58]
Event: 4.541 Thread 0x000001e046e313f0 1408   !   3       sun.security.util.ManifestEntryVerifier::setEntry (298 bytes)
Event: 4.546 Thread 0x000001e046e313f0 nmethod 1408 0x000001e030cf8090 code [0x000001e030cf8640, 0x000001e030cfb6b8]
Event: 4.546 Thread 0x000001e046e313f0 1409       3       java.security.AccessController::checkContext (49 bytes)
Event: 4.547 Thread 0x000001e04770b600 nmethod 1397 0x000001e0385e1010 code [0x000001e0385e11c0, 0x000001e0385e1cc8]
Event: 4.547 Thread 0x000001e04770b600 1402 %     4       java.math.BigInteger::implMultiplyToLen @ 135 (216 bytes)
Event: 4.547 Thread 0x000001e046e313f0 nmethod 1409 0x000001e030cfc890 code [0x000001e030cfcaa0, 0x000001e030cfd158]
Event: 4.548 Thread 0x000001e046e313f0 1410       3       java.util.ArrayList::contains (14 bytes)
Event: 4.548 Thread 0x000001e046e313f0 nmethod 1410 0x000001e030cfd390 code [0x000001e030cfd540, 0x000001e030cfd748]
Event: 4.548 Thread 0x000001e046e313f0 1411       3       org.eclipse.osgi.framework.eventmgr.CopyOnWriteIdentityMap$Snapshot$SnapshotIterator::hasNext (15 bytes)
Event: 4.548 Thread 0x000001e046e313f0 nmethod 1411 0x000001e030cfd810 code [0x000001e030cfd9a0, 0x000001e030cfdb18]

GC Heap History (2 events):
Event: 3.599 GC heap before
{Heap before GC invocations=1 (full 0):
 PSYoungGen      total 29696K, used 25600K [0x00000000eab00000, 0x00000000ecc00000, 0x0000000100000000)
  eden space 25600K, 100% used [0x00000000eab00000,0x00000000ec400000,0x00000000ec400000)
  from space 4096K, 0% used [0x00000000ec800000,0x00000000ec800000,0x00000000ecc00000)
  to   space 4096K, 0% used [0x00000000ec400000,0x00000000ec400000,0x00000000ec800000)
 ParOldGen       total 68608K, used 0K [0x00000000c0000000, 0x00000000c4300000, 0x00000000eab00000)
  object space 68608K, 0% used [0x00000000c0000000,0x00000000c0000000,0x00000000c4300000)
 Metaspace       used 11053K, committed 11200K, reserved 1114112K
  class space    used 1101K, committed 1216K, reserved 1048576K
}
Event: 3.620 GC heap after
{Heap after GC invocations=1 (full 0):
 PSYoungGen      total 29696K, used 3164K [0x00000000eab00000, 0x00000000ecc00000, 0x0000000100000000)
  eden space 25600K, 0% used [0x00000000eab00000,0x00000000eab00000,0x00000000ec400000)
  from space 4096K, 77% used [0x00000000ec400000,0x00000000ec717090,0x00000000ec800000)
  to   space 4096K, 0% used [0x00000000ec800000,0x00000000ec800000,0x00000000ecc00000)
 ParOldGen       total 68608K, used 0K [0x00000000c0000000, 0x00000000c4300000, 0x00000000eab00000)
  object space 68608K, 0% used [0x00000000c0000000,0x00000000c0000000,0x00000000c4300000)
 Metaspace       used 11053K, committed 11200K, reserved 1114112K
  class space    used 1101K, committed 1216K, reserved 1048576K
}

Dll operation events (8 events):
Event: 0.052 Loaded shared library c:\Users\user\.vscode\extensions\redhat.java-1.25.1-win32-x64\jre\17.0.9-win32-x86_64\bin\java.dll
Event: 0.712 Loaded shared library c:\Users\user\.vscode\extensions\redhat.java-1.25.1-win32-x64\jre\17.0.9-win32-x86_64\bin\zip.dll
Event: 0.722 Loaded shared library C:\Users\user\.vscode\extensions\redhat.java-1.25.1-win32-x64\jre\17.0.9-win32-x86_64\bin\instrument.dll
Event: 0.782 Loaded shared library C:\Users\user\.vscode\extensions\redhat.java-1.25.1-win32-x64\jre\17.0.9-win32-x86_64\bin\net.dll
Event: 0.789 Loaded shared library C:\Users\user\.vscode\extensions\redhat.java-1.25.1-win32-x64\jre\17.0.9-win32-x86_64\bin\nio.dll
Event: 0.818 Loaded shared library C:\Users\user\.vscode\extensions\redhat.java-1.25.1-win32-x64\jre\17.0.9-win32-x86_64\bin\zip.dll
Event: 0.869 Loaded shared library C:\Users\user\.vscode\extensions\redhat.java-1.25.1-win32-x64\jre\17.0.9-win32-x86_64\bin\jimage.dll
Event: 1.093 Loaded shared library c:\Users\user\.vscode\extensions\redhat.java-1.25.1-win32-x64\jre\17.0.9-win32-x86_64\bin\verify.dll

Deoptimization events (20 events):
Event: 4.082 Thread 0x000001e02ddd7750 DEOPT PACKING pc=0x000001e03857a4a8 sp=0x000000b332af7f40
Event: 4.082 Thread 0x000001e02ddd7750 DEOPT UNPACKING pc=0x000001e0380066a3 sp=0x000000b332af7ef0 mode 2
Event: 4.082 Thread 0x000001e02ddd7750 Uncommon trap: trap_request=0xffffffc6 fr.pc=0x000001e03857a4a8 relative=0x0000000000000288
Event: 4.082 Thread 0x000001e02ddd7750 Uncommon trap: reason=bimorphic_or_optimized_type_check action=maybe_recompile pc=0x000001e03857a4a8 method=java.util.Collections$UnmodifiableCollection$1.next()Ljava/lang/Object; @ 4 c2
Event: 4.082 Thread 0x000001e02ddd7750 DEOPT PACKING pc=0x000001e03857a4a8 sp=0x000000b332af7f40
Event: 4.082 Thread 0x000001e02ddd7750 DEOPT UNPACKING pc=0x000001e0380066a3 sp=0x000000b332af7ef0 mode 2
Event: 4.440 Thread 0x000001e02ddd7750 Uncommon trap: trap_request=0xffffffde fr.pc=0x000001e0385b4c3c relative=0x000000000000097c
Event: 4.440 Thread 0x000001e02ddd7750 Uncommon trap: reason=class_check action=maybe_recompile pc=0x000001e0385b4c3c method=java.util.HashMap.putVal(ILjava/lang/Object;Ljava/lang/Object;ZZ)Ljava/lang/Object; @ 253 c2
Event: 4.441 Thread 0x000001e02ddd7750 DEOPT PACKING pc=0x000001e0385b4c3c sp=0x000000b332afdd90
Event: 4.441 Thread 0x000001e02ddd7750 DEOPT UNPACKING pc=0x000001e0380066a3 sp=0x000000b332afdcb8 mode 2
Event: 4.444 Thread 0x000001e02ddd7750 Uncommon trap: trap_request=0xffffffde fr.pc=0x000001e0385b4c3c relative=0x000000000000097c
Event: 4.444 Thread 0x000001e02ddd7750 Uncommon trap: reason=class_check action=maybe_recompile pc=0x000001e0385b4c3c method=java.util.HashMap.putVal(ILjava/lang/Object;Ljava/lang/Object;ZZ)Ljava/lang/Object; @ 253 c2
Event: 4.444 Thread 0x000001e02ddd7750 DEOPT PACKING pc=0x000001e0385b4c3c sp=0x000000b332afdd90
Event: 4.444 Thread 0x000001e02ddd7750 DEOPT UNPACKING pc=0x000001e0380066a3 sp=0x000000b332afdcb8 mode 2
Event: 4.446 Thread 0x000001e02ddd7750 Uncommon trap: trap_request=0xffffffde fr.pc=0x000001e0385b8b6c relative=0x000000000000092c
Event: 4.446 Thread 0x000001e02ddd7750 Uncommon trap: reason=class_check action=maybe_recompile pc=0x000001e0385b8b6c method=java.util.HashMap.putVal(ILjava/lang/Object;Ljava/lang/Object;ZZ)Ljava/lang/Object; @ 253 c2
Event: 4.446 Thread 0x000001e02ddd7750 DEOPT PACKING pc=0x000001e0385b8b6c sp=0x000000b332afdc10
Event: 4.446 Thread 0x000001e02ddd7750 DEOPT UNPACKING pc=0x000001e0380066a3 sp=0x000000b332afdbc0 mode 2
Event: 4.507 Thread 0x000001e02ddd7750 DEOPT PACKING pc=0x000001e030b96661 sp=0x000000b332afc6d0
Event: 4.507 Thread 0x000001e02ddd7750 DEOPT UNPACKING pc=0x000001e038006e43 sp=0x000000b332afbb58 mode 0

Classes unloaded (0 events):
No events

Classes redefined (0 events):
No events

Internal exceptions (20 events):
Event: 2.433 Thread 0x000001e02ddd7750 Exception <a 'java/io/FileNotFoundException'{0x00000000eb865e20}> (0x00000000eb865e20) 
thrown [s\src\hotspot\share\prims\jni.cpp, line 516]
Event: 2.434 Thread 0x000001e02ddd7750 Exception <a 'java/io/FileNotFoundException'{0x00000000eb867010}> (0x00000000eb867010) 
thrown [s\src\hotspot\share\prims\jni.cpp, line 516]
Event: 2.434 Thread 0x000001e02ddd7750 Exception <a 'java/io/FileNotFoundException'{0x00000000eb868200}> (0x00000000eb868200) 
thrown [s\src\hotspot\share\prims\jni.cpp, line 516]
Event: 2.435 Thread 0x000001e02ddd7750 Exception <a 'java/io/FileNotFoundException'{0x00000000eb8693c0}> (0x00000000eb8693c0) 
thrown [s\src\hotspot\share\prims\jni.cpp, line 516]
Event: 2.496 Thread 0x000001e02ddd7750 Exception <a 'java/io/FileNotFoundException'{0x00000000eb8a26d0}> (0x00000000eb8a26d0) 
thrown [s\src\hotspot\share\prims\jni.cpp, line 516]
Event: 3.299 Thread 0x000001e02ddd7750 Exception <a 'java/lang/ClassNotFoundException'{0x00000000ec0a9220}: sun/net/www/protocol/c/Handler> (0x00000000ec0a9220) 
thrown [s\src\hotspot\share\classfile\systemDictionary.cpp, line 256]
Event: 3.299 Thread 0x000001e02ddd7750 Exception <a 'java/lang/ClassNotFoundException'{0x00000000ec0aa568}: sun/net/www/protocol/c/Handler> (0x00000000ec0aa568) 
thrown [s\src\hotspot\share\classfile\systemDictionary.cpp, line 256]
Event: 3.300 Thread 0x000001e02ddd7750 Exception <a 'java/lang/ClassNotFoundException'{0x00000000ec0ab700}: sun/net/www/protocol/c/Handler> (0x00000000ec0ab700) 
thrown [s\src\hotspot\share\classfile\systemDictionary.cpp, line 256]
Event: 3.318 Thread 0x000001e02ddd7750 Exception <a 'java/io/FileNotFoundException'{0x00000000ec0ca5e8}> (0x00000000ec0ca5e8) 
thrown [s\src\hotspot\share\prims\jni.cpp, line 516]
Event: 3.445 Thread 0x000001e02ddd7750 Implicit null exception at 0x000001e038595c6c to 0x000001e038595e4c
Event: 3.445 Thread 0x000001e02ddd7750 Implicit null exception at 0x000001e038594c0e to 0x000001e038594e44
Event: 3.446 Thread 0x000001e02ddd7750 Implicit null exception at 0x000001e03859300f to 0x000001e038593085
Event: 3.558 Thread 0x000001e02ddd7750 Exception <a 'java/lang/NoSuchMethodError'{0x00000000ec395590}: 'int java.lang.invoke.DirectMethodHandle$Holder.invokeStaticInit(java.lang.Object, java.lang.Object, java.lang.Object, java.lang.Object)'> (0x00000000ec395590) 
thrown [s\src\hotspot\share\interpreter\linkResolver.cpp, line 759]
Event: 3.561 Thread 0x000001e02ddd7750 Exception <a 'java/lang/NoSuchMethodError'{0x00000000ec39fc00}: 'java.lang.Object java.lang.invoke.DirectMethodHandle$Holder.invokeInterface(java.lang.Object, java.lang.Object)'> (0x00000000ec39fc00) 
thrown [s\src\hotspot\share\interpreter\linkResolver.cpp, line 759]
Event: 3.562 Thread 0x000001e02ddd7750 Exception <a 'java/lang/IncompatibleClassChangeError'{0x00000000ec3a33f8}: Found class java.lang.Object, but interface was expected> (0x00000000ec3a33f8) 
thrown [s\src\hotspot\share\interpreter\linkResolver.cpp, line 826]
Event: 3.566 Thread 0x000001e02ddd7750 Exception <a 'java/lang/NoSuchMethodError'{0x00000000ec3a78f0}: 'void java.lang.invoke.DirectMethodHandle$Holder.invokeStatic(java.lang.Object, java.lang.Object)'> (0x00000000ec3a78f0) 
thrown [s\src\hotspot\share\interpreter\linkResolver.cpp, line 759]
Event: 3.577 Thread 0x000001e02ddd7750 Exception <a 'java/lang/NoSuchMethodError'{0x00000000ec3ab0f0}: 'void java.lang.invoke.DirectMethodHandle$Holder.invokeStaticInit(java.lang.Object, java.lang.Object)'> (0x00000000ec3ab0f0) 
thrown [s\src\hotspot\share\interpreter\linkResolver.cpp, line 759]
Event: 3.579 Thread 0x000001e02ddd7750 Exception <a 'java/lang/NoSuchMethodError'{0x00000000ec3b3da8}: 'int java.lang.invoke.DirectMethodHandle$Holder.invokeStaticInit(java.lang.Object, java.lang.Object)'> (0x00000000ec3b3da8) 
thrown [s\src\hotspot\share\interpreter\linkResolver.cpp, line 759]
Event: 3.707 Thread 0x000001e02ddd7750 Exception <a 'java/lang/NoSuchMethodError'{0x00000000eabda188}: 'void java.lang.invoke.DirectMethodHandle$Holder.invokeSpecial(java.lang.Object, java.lang.Object, java.lang.Object)'> (0x00000000eabda188) 
thrown [s\src\hotspot\share\interpreter\linkResolver.cpp, line 759]
Event: 4.403 Thread 0x000001e02ddd7750 Exception <a 'java/lang/NoSuchMethodError'{0x00000000eb875f70}: 'java.lang.Object java.lang.invoke.DirectMethodHandle$Holder.newInvokeSpecial(java.lang.Object, int, java.lang.Object)'> (0x00000000eb875f70) 
thrown [s\src\hotspot\share\interpreter\linkResolver.cpp, line 759]

VM Operations (20 events):
Event: 1.938 Executing VM operation: Cleanup
Event: 1.949 Executing VM operation: Cleanup done
Event: 2.312 Executing VM operation: HandshakeAllThreads
Event: 2.312 Executing VM operation: HandshakeAllThreads done
Event: 2.396 Executing VM operation: HandshakeAllThreads
Event: 2.396 Executing VM operation: HandshakeAllThreads done
Event: 3.209 Executing VM operation: HandshakeAllThreads
Event: 3.209 Executing VM operation: HandshakeAllThreads done
Event: 3.209 Executing VM operation: Cleanup
Event: 3.209 Executing VM operation: Cleanup done
Event: 3.599 Executing VM operation: ParallelGCFailedAllocation
Event: 3.620 Executing VM operation: ParallelGCFailedAllocation done
Event: 4.344 Executing VM operation: HandshakeAllThreads
Event: 4.344 Executing VM operation: HandshakeAllThreads done
Event: 4.345 Executing VM operation: HandshakeAllThreads
Event: 4.345 Executing VM operation: HandshakeAllThreads done
Event: 4.359 Executing VM operation: HandshakeAllThreads
Event: 4.359 Executing VM operation: HandshakeAllThreads done
Event: 4.392 Executing VM operation: HandshakeAllThreads
Event: 4.392 Executing VM operation: HandshakeAllThreads done

Events (20 events):
Event: 4.358 loading class java/util/ArrayList$ListItr
Event: 4.358 loading class java/util/ArrayList$ListItr done
Event: 4.391 loading class java/util/LinkedList
Event: 4.391 loading class java/util/AbstractSequentialList
Event: 4.391 loading class java/util/AbstractSequentialList done
Event: 4.392 loading class java/util/LinkedList done
Event: 4.444 loading class java/util/ConcurrentModificationException
Event: 4.444 loading class java/util/ConcurrentModificationException done
Event: 4.454 loading class java/net/ContentHandlerFactory
Event: 4.454 loading class java/net/ContentHandlerFactory done
Event: 4.460 loading class java/net/ContentHandler
Event: 4.460 loading class java/net/ContentHandler done
Event: 4.489 loading class javax/xml/parsers/ParserConfigurationException
Event: 4.489 loading class javax/xml/parsers/ParserConfigurationException done
Event: 4.494 loading class java/security/KeyStoreException
Event: 4.494 loading class java/security/KeyStoreException done
Event: 4.548 loading class java/util/LinkedList$Node
Event: 4.548 loading class java/util/LinkedList$Node done
Event: 4.549 loading class java/util/LinkedList$ListItr
Event: 4.549 loading class java/util/LinkedList$ListItr done


Dynamic libraries:
0x00007ff7b16f0000 - 0x00007ff7b16fe000 	c:\Users\user\.vscode\extensions\redhat.java-1.25.1-win32-x64\jre\17.0.9-win32-x86_64\bin\java.exe
0x00007ff9b7cf0000 - 0x00007ff9b7ee8000 	C:\WINDOWS\SYSTEM32\ntdll.dll
0x00007ff9b7020000 - 0x00007ff9b70dd000 	C:\WINDOWS\System32\KERNEL32.DLL
0x00007ff9b56a0000 - 0x00007ff9b5996000 	C:\WINDOWS\System32\KERNELBASE.dll
0x00007ff9b5ac0000 - 0x00007ff9b5bc0000 	C:\WINDOWS\System32\ucrtbase.dll
0x00007ff99fa60000 - 0x00007ff99fa77000 	c:\Users\user\.vscode\extensions\redhat.java-1.25.1-win32-x64\jre\17.0.9-win32-x86_64\bin\jli.dll
0x00007ff9b66f0000 - 0x00007ff9b688e000 	C:\WINDOWS\System32\USER32.dll
0x00007ff9b5a90000 - 0x00007ff9b5ab2000 	C:\WINDOWS\System32\win32u.dll
0x00007ff9b5e00000 - 0x00007ff9b5e2c000 	C:\WINDOWS\System32\GDI32.dll
0x00007ff9b5550000 - 0x00007ff9b566a000 	C:\WINDOWS\System32\gdi32full.dll
0x00007ff9b59a0000 - 0x00007ff9b5a3d000 	C:\WINDOWS\System32\msvcp_win.dll
0x00007ff99f310000 - 0x00007ff99f32b000 	c:\Users\user\.vscode\extensions\redhat.java-1.25.1-win32-x64\jre\17.0.9-win32-x86_64\bin\VCRUNTIME140.dll
0x00007ff9a48c0000 - 0x00007ff9a4b5a000 	C:\WINDOWS\WinSxS\amd64_microsoft.windows.common-controls_6595b64144ccf1df_6.0.19041.3636_none_60b6a03d71f818d5\COMCTL32.dll
0x00007ff9b7b30000 - 0x00007ff9b7bce000 	C:\WINDOWS\System32\msvcrt.dll
0x00007ff9b6ff0000 - 0x00007ff9b7020000 	C:\WINDOWS\System32\IMM32.DLL
0x00007ff9a4030000 - 0x00007ff9a403c000 	c:\Users\user\.vscode\extensions\redhat.java-1.25.1-win32-x64\jre\17.0.9-win32-x86_64\bin\vcruntime140_1.dll
0x00007ff981b90000 - 0x00007ff981c1d000 	c:\Users\user\.vscode\extensions\redhat.java-1.25.1-win32-x64\jre\17.0.9-win32-x86_64\bin\msvcp140.dll
0x00007ff9623b0000 - 0x00007ff963011000 	c:\Users\user\.vscode\extensions\redhat.java-1.25.1-win32-x64\jre\17.0.9-win32-x86_64\bin\server\jvm.dll
0x00007ff9b6400000 - 0x00007ff9b64af000 	C:\WINDOWS\System32\ADVAPI32.dll
0x00007ff9b6640000 - 0x00007ff9b66dc000 	C:\WINDOWS\System32\sechost.dll
0x00007ff9b71d0000 - 0x00007ff9b72f6000 	C:\WINDOWS\System32\RPCRT4.dll
0x00007ff9b5200000 - 0x00007ff9b524b000 	C:\WINDOWS\SYSTEM32\POWRPROF.dll
0x00007ff9b35d0000 - 0x00007ff9b35d9000 	C:\WINDOWS\SYSTEM32\WSOCK32.dll
0x00007ff9b7300000 - 0x00007ff9b736b000 	C:\WINDOWS\System32\WS2_32.dll
0x00007ff9b3e40000 - 0x00007ff9b3e67000 	C:\WINDOWS\SYSTEM32\WINMM.dll
0x00007ff9a5010000 - 0x00007ff9a501a000 	C:\WINDOWS\SYSTEM32\VERSION.dll
0x00007ff9b51e0000 - 0x00007ff9b51f2000 	C:\WINDOWS\SYSTEM32\UMPDC.dll
0x00007ff9b36e0000 - 0x00007ff9b36f2000 	C:\WINDOWS\SYSTEM32\kernel.appcore.dll
0x00007ff9a0450000 - 0x00007ff9a045a000 	c:\Users\user\.vscode\extensions\redhat.java-1.25.1-win32-x64\jre\17.0.9-win32-x86_64\bin\jimage.dll
0x00007ff9b33c0000 - 0x00007ff9b35a4000 	C:\WINDOWS\SYSTEM32\DBGHELP.DLL
0x00007ff99e9c0000 - 0x00007ff99e9f4000 	C:\WINDOWS\SYSTEM32\dbgcore.DLL
0x00007ff9b54c0000 - 0x00007ff9b5542000 	C:\WINDOWS\System32\bcryptPrimitives.dll
0x00007ff99fdd0000 - 0x00007ff99fdde000 	c:\Users\user\.vscode\extensions\redhat.java-1.25.1-win32-x64\jre\17.0.9-win32-x86_64\bin\instrument.dll
0x00007ff993ea0000 - 0x00007ff993ec5000 	c:\Users\user\.vscode\extensions\redhat.java-1.25.1-win32-x64\jre\17.0.9-win32-x86_64\bin\java.dll
0x00007ff999360000 - 0x00007ff999378000 	c:\Users\user\.vscode\extensions\redhat.java-1.25.1-win32-x64\jre\17.0.9-win32-x86_64\bin\zip.dll
0x00007ff9b68a0000 - 0x00007ff9b6fe5000 	C:\WINDOWS\System32\SHELL32.dll
0x00007ff9b2b60000 - 0x00007ff9b32fb000 	C:\WINDOWS\SYSTEM32\windows.storage.dll
0x00007ff9b60a0000 - 0x00007ff9b63f4000 	C:\WINDOWS\System32\combase.dll
0x00007ff9b4ce0000 - 0x00007ff9b4d0d000 	C:\WINDOWS\SYSTEM32\Wldp.dll
0x00007ff9b77e0000 - 0x00007ff9b788d000 	C:\WINDOWS\System32\SHCORE.dll
0x00007ff9b7170000 - 0x00007ff9b71c5000 	C:\WINDOWS\System32\shlwapi.dll
0x00007ff9b52d0000 - 0x00007ff9b52f5000 	C:\WINDOWS\SYSTEM32\profapi.dll
0x00007ff998050000 - 0x00007ff998069000 	C:\Users\user\.vscode\extensions\redhat.java-1.25.1-win32-x64\jre\17.0.9-win32-x86_64\bin\net.dll
0x00007ff9a8c90000 - 0x00007ff9a8d9a000 	C:\WINDOWS\SYSTEM32\WINHTTP.dll
0x00007ff9b4a10000 - 0x00007ff9b4a7a000 	C:\WINDOWS\system32\mswsock.dll
0x00007ff993e80000 - 0x00007ff993e96000 	C:\Users\user\.vscode\extensions\redhat.java-1.25.1-win32-x64\jre\17.0.9-win32-x86_64\bin\nio.dll
0x00007ff9b04f0000 - 0x00007ff9b0500000 	c:\Users\user\.vscode\extensions\redhat.java-1.25.1-win32-x64\jre\17.0.9-win32-x86_64\bin\verify.dll

dbghelp: loaded successfully - version: 4.0.5 - missing functions: none
symbol engine: initialized successfully - sym options: 0x614 - pdb path: .;c:\Users\user\.vscode\extensions\redhat.java-1.25.1-win32-x64\jre\17.0.9-win32-x86_64\bin;C:\WINDOWS\SYSTEM32;C:\WINDOWS\WinSxS\amd64_microsoft.windows.common-controls_6595b64144ccf1df_6.0.19041.3636_none_60b6a03d71f818d5;c:\Users\user\.vscode\extensions\redhat.java-1.25.1-win32-x64\jre\17.0.9-win32-x86_64\bin\server

VM Arguments:
jvm_args: --add-modules=ALL-SYSTEM --add-opens=java.base/java.util=ALL-UNNAMED --add-opens=java.base/java.lang=ALL-UNNAMED --add-opens=java.base/sun.nio.fs=ALL-UNNAMED -Declipse.application=org.eclipse.jdt.ls.core.id1 -Dosgi.bundles.defaultStartLevel=4 -Declipse.product=org.eclipse.jdt.ls.core.product -Djava.import.generatesMetadataFilesAtProjectRoot=false -DDetectVMInstallationsJob.disabled=true -Dfile.encoding=utf8 -XX:+UseParallelGC -XX:GCTimeRatio=4 -XX:AdaptiveSizePolicyWeight=90 -Dsun.zip.disableMemoryMapping=true -Xmx1G -Xms100m -Xlog:disable -javaagent:c:\Users\user\.vscode\extensions\redhat.java-1.25.1-win32-x64\lombok\lombok-1.18.30.jar 
java_command: c:\Users\user\.vscode\extensions\redhat.java-1.25.1-win32-x64\server\plugins\org.eclipse.equinox.launcher_1.6.600.v20231106-1826.jar -configuration c:\Users\user\AppData\Roaming\Code\User\globalStorage\redhat.java\1.25.1\config_ss_win -data c:\Users\user\AppData\Roaming\Code\User\workspaceStorage\321862f37f29eecd5a02429f10387bbb\redhat.java\ss_ws --stdio
java_class_path (initial): c:\Users\user\.vscode\extensions\redhat.java-1.25.1-win32-x64\server\plugins\org.eclipse.equinox.launcher_1.6.600.v20231106-1826.jar
Launcher Type: SUN_STANDARD

[Global flags]
    uintx AdaptiveSizePolicyWeight                 = 90                                        {product} {command line}
     intx CICompilerCount                          = 3                                         {product} {ergonomic}
    uintx GCTimeRatio                              = 4                                         {product} {command line}
   size_t InitialHeapSize                          = 104857600                                 {product} {command line}
   size_t MaxHeapSize                              = 1073741824                                {product} {command line}
   size_t MaxNewSize                               = 357564416                                 {product} {ergonomic}
   size_t MinHeapDeltaBytes                        = 524288                                    {product} {ergonomic}
   size_t MinHeapSize                              = 104857600                                 {product} {command line}
   size_t NewSize                                  = 34603008                                  {product} {ergonomic}
    uintx NonNMethodCodeHeapSize                   = 5832780                                {pd product} {ergonomic}
    uintx NonProfiledCodeHeapSize                  = 122912730                              {pd product} {ergonomic}
   size_t OldSize                                  = 70254592                                  {product} {ergonomic}
    uintx ProfiledCodeHeapSize                     = 122912730                              {pd product} {ergonomic}
    uintx ReservedCodeCacheSize                    = 251658240                              {pd product} {ergonomic}
     bool SegmentedCodeCache                       = true                                      {product} {ergonomic}
   size_t SoftMaxHeapSize                          = 1073741824                             {manageable} {ergonomic}
     bool UseCompressedClassPointers               = true                           {product lp64_product} {ergonomic}
     bool UseCompressedOops                        = true                           {product lp64_product} {ergonomic}
     bool UseLargePagesIndividualAllocation        = false                                  {pd product} {ergonomic}
     bool UseParallelGC                            = true                                      {product} {command line}

Logging:
Log output configuration:
 #0: stdout all=off uptime,level,tags
 #1: stderr all=off uptime,level,tags

Environment Variables:
PATH=C:\Program Files\Common Files\Oracle\Java\javapath;C:\Program Files (x86)\Common Files\Oracle\Java\javapath;C:\ProgramData\Oracle\Java\javapath;C:\WINDOWS\system32;C:\WINDOWS;C:\WINDOWS\System32\Wbem;C:\WINDOWS\System32\WindowsPowerShell\v1.0\;C:\WINDOWS\System32\OpenSSH\;C:\Program Files (x86)\Windows Live\Shared;C:\Program Files (x86)\dotnet\;C:\Program Files (x86)\ATI Technologies\ATI.ACE\Core-Static;C:\Program Files\Git\cmd;C:\Program Files\dotnet\;C:\Users\user\AppData\Local\Microsoft\WindowsApps;;C:\Users\user\AppData\Local\Programs\Microsoft VS Code\bin;C:\Users\user\.dotnet\tools
USERNAME=user
OS=Windows_NT
PROCESSOR_IDENTIFIER=Intel64 Family 6 Model 61 Stepping 4, GenuineIntel
TMP=C:\Users\user\AppData\Local\Temp
TEMP=C:\Users\user\AppData\Local\Temp



Periodic native trim disabled


---------------  S Y S T E M  ---------------

OS:
 Windows 10 , 64 bit Build 19041 (10.0.19041.3636)
OS uptime: 3 days 12:25 hours

CPU: total 4 (initial active 4) (2 cores per cpu, 2 threads per core) family 6 model 61 stepping 4 microcode 0x2d, cx8, cmov, fxsr, ht, mmx, 3dnowpref, sse, sse2, sse3, ssse3, sse4.1, sse4.2, popcnt, lzcnt, tsc, tscinvbit, avx, avx2, aes, erms, clmul, bmi1, bmi2, adx, fma, vzeroupper, clflush
Processor Information for all 4 processors :
  Max Mhz: 1995, Current Mhz: 1995, Mhz Limit: 1995

Memory: 4k page, system-wide physical 8090M (2127M free)
TotalPageFile size 10190M (AvailPageFile size 6M)
current process WorkingSet (physical memory assigned to process): 81M, peak: 81M
current process commit charge ("private bytes"): 190M, peak: 190M

vm_info: OpenJDK 64-Bit Server VM (17.0.9+9) for windows-amd64 JRE (17.0.9+9), built on Oct 26 2023 14:01:42 by "admin" with MS VC++ 16.10 / 16.11 (VS2019)

END.
